<?xml version="1.0" encoding="UTF-8"?>
<coverage generated="1564859160575" clover="3.2.0">
  <project timestamp="1564859160575" name="All files">
    <metrics statements="28" coveredstatements="21" conditionals="20" coveredconditionals="15" methods="12" coveredmethods="12" elements="60" coveredelements="48" complexity="0" loc="28" ncloc="28" packages="1" files="2" classes="2"/>
    <file name="hangman.js" path="C:\Users\DMarantz\Desktop\TalentPath\track6\hangman-jest\hangman.js">
      <metrics statements="15" coveredstatements="8" conditionals="10" coveredconditionals="5" methods="1" coveredmethods="1"/>
      <line num="9" count="1" type="stmt"/>
      <line num="18" count="1" type="stmt"/>
      <line num="25" count="2" type="cond" truecount="2" falsecount="0"/>
      <line num="26" count="1" type="stmt"/>
      <line num="27" count="1" type="stmt"/>
      <line num="30" count="1" type="cond" truecount="1" falsecount="1"/>
      <line num="31" count="1" type="stmt"/>
      <line num="32" count="1" type="stmt"/>
      <line num="35" count="0" type="stmt"/>
      <line num="37" count="0" type="stmt"/>
      <line num="39" count="0" type="cond" truecount="0" falsecount="2"/>
      <line num="40" count="0" type="stmt"/>
      <line num="41" count="0" type="stmt"/>
      <line num="43" count="0" type="stmt"/>
      <line num="44" count="0" type="stmt"/>
    </file>
    <file name="lib.js" path="C:\Users\DMarantz\Desktop\TalentPath\track6\hangman-jest\lib.js">
      <metrics statements="13" coveredstatements="13" conditionals="10" coveredconditionals="10" methods="11" coveredmethods="11"/>
      <line num="1" count="2" type="stmt"/>
      <line num="15" count="10" type="stmt"/>
      <line num="24" count="3" type="stmt"/>
      <line num="33" count="8" type="cond" truecount="2" falsecount="0"/>
      <line num="34" count="5" type="stmt"/>
      <line num="45" count="3" type="cond" truecount="2" falsecount="0"/>
      <line num="54" count="7" type="stmt"/>
      <line num="64" count="1" type="stmt"/>
      <line num="68" count="6" type="cond" truecount="4" falsecount="0"/>
      <line num="70" count="2" type="stmt"/>
      <line num="78" count="2" type="stmt"/>
      <line num="86" count="4" type="stmt"/>
      <line num="89" count="2" type="stmt"/>
    </file>
  </project>
</coverage>
