{"C:\\Users\\DMarantz\\Desktop\\TalentPath\\track6\\hangman-jest\\hangman.js": {"path":"C:\\Users\\DMarantz\\Desktop\\TalentPath\\track6\\hangman-jest\\hangman.js","statementMap":{"0":{"start":{"line":9,"column":4},"end":{"line":9,"column":20}},"1":{"start":{"line":18,"column":0},"end":{"line":46,"column":2}},"2":{"start":{"line":25,"column":2},"end":{"line":28,"column":3}},"3":{"start":{"line":26,"column":4},"end":{"line":26,"column":49}},"4":{"start":{"line":27,"column":4},"end":{"line":27,"column":11}},"5":{"start":{"line":30,"column":2},"end":{"line":33,"column":3}},"6":{"start":{"line":31,"column":4},"end":{"line":31,"column":50}},"7":{"start":{"line":32,"column":4},"end":{"line":32,"column":11}},"8":{"start":{"line":35,"column":2},"end":{"line":35,"column":32}},"9":{"start":{"line":37,"column":24},"end":{"line":37,"column":39}},"10":{"start":{"line":39,"column":2},"end":{"line":45,"column":3}},"11":{"start":{"line":40,"column":4},"end":{"line":40,"column":25}},"12":{"start":{"line":41,"column":4},"end":{"line":41,"column":119}},"13":{"start":{"line":43,"column":4},"end":{"line":43,"column":72}},"14":{"start":{"line":44,"column":4},"end":{"line":44,"column":74}}},"fnMap":{"0":{"name":"(anonymous_0)","decl":{"start":{"line":18,"column":22},"end":{"line":18,"column":23}},"loc":{"start":{"line":23,"column":5},"end":{"line":46,"column":1}},"line":23}},"branchMap":{"0":{"loc":{"start":{"line":19,"column":2},"end":{"line":19,"column":17}},"type":"default-arg","locations":[{"start":{"line":19,"column":15},"end":{"line":19,"column":17}}],"line":19},"1":{"loc":{"start":{"line":20,"column":2},"end":{"line":20,"column":55}},"type":"default-arg","locations":[{"start":{"line":20,"column":16},"end":{"line":20,"column":55}}],"line":20},"2":{"loc":{"start":{"line":21,"column":2},"end":{"line":21,"column":13}},"type":"default-arg","locations":[{"start":{"line":21,"column":12},"end":{"line":21,"column":13}}],"line":21},"3":{"loc":{"start":{"line":22,"column":2},"end":{"line":22,"column":16}},"type":"default-arg","locations":[{"start":{"line":22,"column":15},"end":{"line":22,"column":16}}],"line":22},"4":{"loc":{"start":{"line":25,"column":2},"end":{"line":28,"column":3}},"type":"if","locations":[{"start":{"line":25,"column":2},"end":{"line":28,"column":3}},{"start":{"line":25,"column":2},"end":{"line":28,"column":3}}],"line":25},"5":{"loc":{"start":{"line":30,"column":2},"end":{"line":33,"column":3}},"type":"if","locations":[{"start":{"line":30,"column":2},"end":{"line":33,"column":3}},{"start":{"line":30,"column":2},"end":{"line":33,"column":3}}],"line":30},"6":{"loc":{"start":{"line":39,"column":2},"end":{"line":45,"column":3}},"type":"if","locations":[{"start":{"line":39,"column":2},"end":{"line":45,"column":3}},{"start":{"line":39,"column":2},"end":{"line":45,"column":3}}],"line":39}},"s":{"0":1,"1":1,"2":2,"3":1,"4":1,"5":1,"6":1,"7":1,"8":0,"9":0,"10":0,"11":0,"12":0,"13":0,"14":0},"f":{"0":2},"b":{"0":[0],"1":[0],"2":[1],"3":[1],"4":[1,1],"5":[1,0],"6":[0,0]},"_coverageSchema":"43e27e138ebf9cfc5966b082cf9a028302ed4184","hash":"e8675ea88b38da1b633e5dcb4cc5e77cff135ef0"}
,"C:\\Users\\DMarantz\\Desktop\\TalentPath\\track6\\hangman-jest\\lib.js": {"path":"C:\\Users\\DMarantz\\Desktop\\TalentPath\\track6\\hangman-jest\\lib.js","statementMap":{"0":{"start":{"line":1,"column":21},"end":{"line":1,"column":45}},"1":{"start":{"line":15,"column":2},"end":{"line":15,"column":51}},"2":{"start":{"line":15,"column":35},"end":{"line":15,"column":49}},"3":{"start":{"line":24,"column":2},"end":{"line":24,"column":57}},"4":{"start":{"line":33,"column":2},"end":{"line":33,"column":44}},"5":{"start":{"line":33,"column":34},"end":{"line":33,"column":44}},"6":{"start":{"line":34,"column":2},"end":{"line":34,"column":37}},"7":{"start":{"line":45,"column":2},"end":{"line":45,"column":96}},"8":{"start":{"line":45,"column":39},"end":{"line":45,"column":93}},"9":{"start":{"line":54,"column":2},"end":{"line":54,"column":28}},"10":{"start":{"line":64,"column":2},"end":{"line":64,"column":31}},"11":{"start":{"line":68,"column":2},"end":{"line":68,"column":98}},"12":{"start":{"line":68,"column":69},"end":{"line":68,"column":98}},"13":{"start":{"line":70,"column":2},"end":{"line":70,"column":18}},"14":{"start":{"line":78,"column":2},"end":{"line":78,"column":51}},"15":{"start":{"line":86,"column":2},"end":{"line":86,"column":22}},"16":{"start":{"line":89,"column":0},"end":{"line":99,"column":2}}},"fnMap":{"0":{"name":"isWordSolved","decl":{"start":{"line":8,"column":9},"end":{"line":8,"column":21}},"loc":{"start":{"line":8,"column":33},"end":{"line":16,"column":1}},"line":8},"1":{"name":"(anonymous_1)","decl":{"start":{"line":15,"column":25},"end":{"line":15,"column":26}},"loc":{"start":{"line":15,"column":35},"end":{"line":15,"column":49}},"line":15},"2":{"name":"randomlySelectWord","decl":{"start":{"line":23,"column":9},"end":{"line":23,"column":27}},"loc":{"start":{"line":23,"column":35},"end":{"line":25,"column":1}},"line":23},"3":{"name":"createBlankWordArray","decl":{"start":{"line":32,"column":9},"end":{"line":32,"column":29}},"loc":{"start":{"line":32,"column":42},"end":{"line":35,"column":1}},"line":32},"4":{"name":"fillInGuessedLetters","decl":{"start":{"line":44,"column":9},"end":{"line":44,"column":29}},"loc":{"start":{"line":44,"column":70},"end":{"line":46,"column":1}},"line":44},"5":{"name":"(anonymous_5)","decl":{"start":{"line":45,"column":25},"end":{"line":45,"column":26}},"loc":{"start":{"line":45,"column":39},"end":{"line":45,"column":93}},"line":45},"6":{"name":"stringify","decl":{"start":{"line":53,"column":9},"end":{"line":53,"column":18}},"loc":{"start":{"line":53,"column":35},"end":{"line":55,"column":1}},"line":53},"7":{"name":"wordIncludesLetter","decl":{"start":{"line":63,"column":9},"end":{"line":63,"column":27}},"loc":{"start":{"line":63,"column":42},"end":{"line":65,"column":1}},"line":63},"8":{"name":"validateInput","decl":{"start":{"line":67,"column":9},"end":{"line":67,"column":22}},"loc":{"start":{"line":67,"column":30},"end":{"line":71,"column":1}},"line":67},"9":{"name":"askForALetter","decl":{"start":{"line":77,"column":9},"end":{"line":77,"column":22}},"loc":{"start":{"line":77,"column":25},"end":{"line":79,"column":1}},"line":77},"10":{"name":"print","decl":{"start":{"line":85,"column":9},"end":{"line":85,"column":14}},"loc":{"start":{"line":85,"column":23},"end":{"line":87,"column":1}},"line":85}},"branchMap":{"0":{"loc":{"start":{"line":32,"column":30},"end":{"line":32,"column":40}},"type":"default-arg","locations":[{"start":{"line":32,"column":39},"end":{"line":32,"column":40}}],"line":32},"1":{"loc":{"start":{"line":33,"column":2},"end":{"line":33,"column":44}},"type":"if","locations":[{"start":{"line":33,"column":2},"end":{"line":33,"column":44}},{"start":{"line":33,"column":2},"end":{"line":33,"column":44}}],"line":33},"2":{"loc":{"start":{"line":45,"column":39},"end":{"line":45,"column":93}},"type":"cond-expr","locations":[{"start":{"line":45,"column":73},"end":{"line":45,"column":86}},{"start":{"line":45,"column":89},"end":{"line":45,"column":93}}],"line":45},"3":{"loc":{"start":{"line":53,"column":19},"end":{"line":53,"column":33}},"type":"default-arg","locations":[{"start":{"line":53,"column":31},"end":{"line":53,"column":33}}],"line":53},"4":{"loc":{"start":{"line":68,"column":2},"end":{"line":68,"column":98}},"type":"if","locations":[{"start":{"line":68,"column":2},"end":{"line":68,"column":98}},{"start":{"line":68,"column":2},"end":{"line":68,"column":98}}],"line":68},"5":{"loc":{"start":{"line":68,"column":6},"end":{"line":68,"column":67}},"type":"binary-expr","locations":[{"start":{"line":68,"column":6},"end":{"line":68,"column":31}},{"start":{"line":68,"column":35},"end":{"line":68,"column":67}}],"line":68}},"s":{"0":2,"1":5,"2":10,"3":3,"4":8,"5":3,"6":5,"7":1,"8":3,"9":7,"10":1,"11":6,"12":4,"13":2,"14":2,"15":4,"16":2},"f":{"0":5,"1":10,"2":3,"3":8,"4":1,"5":3,"6":7,"7":1,"8":6,"9":2,"10":4},"b":{"0":[2],"1":[3,5],"2":[1,2],"3":[1],"4":[4,2],"5":[6,4]},"_coverageSchema":"43e27e138ebf9cfc5966b082cf9a028302ed4184","hash":"13a3cfa9aff6dfa0e47b5050118d85f38b277010"}
}
