{"C:\\Users\\DMarantz\\Desktop\\TalentPath\\track6\\hangman-jest\\lib.js": {"path":"C:\\Users\\DMarantz\\Desktop\\TalentPath\\track6\\hangman-jest\\lib.js","statementMap":{"0":{"start":{"line":1,"column":21},"end":{"line":1,"column":45}},"1":{"start":{"line":15,"column":2},"end":{"line":15,"column":51}},"2":{"start":{"line":15,"column":35},"end":{"line":15,"column":49}},"3":{"start":{"line":24,"column":2},"end":{"line":24,"column":57}},"4":{"start":{"line":33,"column":2},"end":{"line":33,"column":44}},"5":{"start":{"line":33,"column":34},"end":{"line":33,"column":44}},"6":{"start":{"line":34,"column":2},"end":{"line":34,"column":37}},"7":{"start":{"line":45,"column":2},"end":{"line":45,"column":96}},"8":{"start":{"line":45,"column":39},"end":{"line":45,"column":93}},"9":{"start":{"line":54,"column":2},"end":{"line":54,"column":28}},"10":{"start":{"line":64,"column":2},"end":{"line":64,"column":31}},"11":{"start":{"line":68,"column":2},"end":{"line":68,"column":98}},"12":{"start":{"line":68,"column":69},"end":{"line":68,"column":98}},"13":{"start":{"line":70,"column":2},"end":{"line":70,"column":18}},"14":{"start":{"line":78,"column":2},"end":{"line":78,"column":51}},"15":{"start":{"line":86,"column":2},"end":{"line":86,"column":22}},"16":{"start":{"line":89,"column":0},"end":{"line":99,"column":2}}},"fnMap":{"0":{"name":"isWordSolved","decl":{"start":{"line":8,"column":9},"end":{"line":8,"column":21}},"loc":{"start":{"line":8,"column":33},"end":{"line":16,"column":1}},"line":8},"1":{"name":"(anonymous_1)","decl":{"start":{"line":15,"column":25},"end":{"line":15,"column":26}},"loc":{"start":{"line":15,"column":35},"end":{"line":15,"column":49}},"line":15},"2":{"name":"randomlySelectWord","decl":{"start":{"line":23,"column":9},"end":{"line":23,"column":27}},"loc":{"start":{"line":23,"column":35},"end":{"line":25,"column":1}},"line":23},"3":{"name":"createBlankWordArray","decl":{"start":{"line":32,"column":9},"end":{"line":32,"column":29}},"loc":{"start":{"line":32,"column":42},"end":{"line":35,"column":1}},"line":32},"4":{"name":"fillInGuessedLetters","decl":{"start":{"line":44,"column":9},"end":{"line":44,"column":29}},"loc":{"start":{"line":44,"column":70},"end":{"line":46,"column":1}},"line":44},"5":{"name":"(anonymous_5)","decl":{"start":{"line":45,"column":25},"end":{"line":45,"column":26}},"loc":{"start":{"line":45,"column":39},"end":{"line":45,"column":93}},"line":45},"6":{"name":"stringify","decl":{"start":{"line":53,"column":9},"end":{"line":53,"column":18}},"loc":{"start":{"line":53,"column":35},"end":{"line":55,"column":1}},"line":53},"7":{"name":"wordIncludesLetter","decl":{"start":{"line":63,"column":9},"end":{"line":63,"column":27}},"loc":{"start":{"line":63,"column":42},"end":{"line":65,"column":1}},"line":63},"8":{"name":"validateInput","decl":{"start":{"line":67,"column":9},"end":{"line":67,"column":22}},"loc":{"start":{"line":67,"column":30},"end":{"line":71,"column":1}},"line":67},"9":{"name":"askForALetter","decl":{"start":{"line":77,"column":9},"end":{"line":77,"column":22}},"loc":{"start":{"line":77,"column":25},"end":{"line":79,"column":1}},"line":77},"10":{"name":"print","decl":{"start":{"line":85,"column":9},"end":{"line":85,"column":14}},"loc":{"start":{"line":85,"column":23},"end":{"line":87,"column":1}},"line":85}},"branchMap":{"0":{"loc":{"start":{"line":32,"column":30},"end":{"line":32,"column":40}},"type":"default-arg","locations":[{"start":{"line":32,"column":39},"end":{"line":32,"column":40}}],"line":32},"1":{"loc":{"start":{"line":33,"column":2},"end":{"line":33,"column":44}},"type":"if","locations":[{"start":{"line":33,"column":2},"end":{"line":33,"column":44}},{"start":{"line":33,"column":2},"end":{"line":33,"column":44}}],"line":33},"2":{"loc":{"start":{"line":45,"column":39},"end":{"line":45,"column":93}},"type":"cond-expr","locations":[{"start":{"line":45,"column":73},"end":{"line":45,"column":86}},{"start":{"line":45,"column":89},"end":{"line":45,"column":93}}],"line":45},"3":{"loc":{"start":{"line":53,"column":19},"end":{"line":53,"column":33}},"type":"default-arg","locations":[{"start":{"line":53,"column":31},"end":{"line":53,"column":33}}],"line":53},"4":{"loc":{"start":{"line":68,"column":2},"end":{"line":68,"column":98}},"type":"if","locations":[{"start":{"line":68,"column":2},"end":{"line":68,"column":98}},{"start":{"line":68,"column":2},"end":{"line":68,"column":98}}],"line":68},"5":{"loc":{"start":{"line":68,"column":6},"end":{"line":68,"column":67}},"type":"binary-expr","locations":[{"start":{"line":68,"column":6},"end":{"line":68,"column":31}},{"start":{"line":68,"column":35},"end":{"line":68,"column":67}}],"line":68}},"s":{"0":1,"1":3,"2":5,"3":3,"4":8,"5":3,"6":5,"7":0,"8":0,"9":7,"10":0,"11":6,"12":4,"13":2,"14":1,"15":2,"16":1},"f":{"0":3,"1":5,"2":3,"3":8,"4":0,"5":0,"6":7,"7":0,"8":6,"9":1,"10":2},"b":{"0":[2],"1":[3,5],"2":[0,0],"3":[1],"4":[4,2],"5":[6,4]},"_coverageSchema":"43e27e138ebf9cfc5966b082cf9a028302ed4184","hash":"13a3cfa9aff6dfa0e47b5050118d85f38b277010"}
}
