TN:
SF:C:\Users\DMarantz\Desktop\TalentPath\track6\hangman-jest\lib.js
FN:8,isWordSolved
FN:15,(anonymous_1)
FN:23,randomlySelectWord
FN:32,createBlankWordArray
FN:44,fillInGuessedLetters
FN:45,(anonymous_5)
FN:53,stringify
FN:63,wordIncludesLetter
FN:67,validateInput
FN:77,askForALetter
FN:85,print
FNF:11
FNH:8
FNDA:3,isWordSolved
FNDA:5,(anonymous_1)
FNDA:3,randomlySelectWord
FNDA:8,createBlankWordArray
FNDA:0,fillInGuessedLetters
FNDA:0,(anonymous_5)
FNDA:7,stringify
FNDA:0,wordIncludesLetter
FNDA:6,validateInput
FNDA:1,askForALetter
FNDA:2,print
DA:1,1
DA:15,5
DA:24,3
DA:33,8
DA:34,5
DA:45,0
DA:54,7
DA:64,0
DA:68,6
DA:70,2
DA:78,1
DA:86,2
DA:89,1
LF:13
LH:11
BRDA:32,0,0,2
BRDA:33,1,0,3
BRDA:33,1,1,5
BRDA:45,2,0,0
BRDA:45,2,1,0
BRDA:53,3,0,1
BRDA:68,4,0,4
BRDA:68,4,1,2
BRDA:68,5,0,6
BRDA:68,5,1,4
BRF:10
BRH:8
end_of_record
