TN:
SF:C:\Users\DMarantz\Desktop\TalentPath\track6\hangman-jest\hangman.js
FN:18,(anonymous_0)
FNF:1
FNH:1
FNDA:2,(anonymous_0)
DA:9,1
DA:18,1
DA:25,2
DA:26,1
DA:27,1
DA:30,1
DA:31,1
DA:32,1
DA:35,0
DA:37,0
DA:39,0
DA:40,0
DA:41,0
DA:43,0
DA:44,0
LF:15
LH:8
BRDA:19,0,0,0
BRDA:20,1,0,0
BRDA:21,2,0,1
BRDA:22,3,0,1
BRDA:25,4,0,1
BRDA:25,4,1,1
BRDA:30,5,0,1
BRDA:30,5,1,0
BRDA:39,6,0,0
BRDA:39,6,1,0
BRF:10
BRH:5
end_of_record
TN:
SF:C:\Users\DMarantz\Desktop\TalentPath\track6\hangman-jest\lib.js
FN:8,isWordSolved
FN:15,(anonymous_1)
FN:23,randomlySelectWord
FN:32,createBlankWordArray
FN:44,fillInGuessedLetters
FN:45,(anonymous_5)
FN:53,stringify
FN:63,wordIncludesLetter
FN:67,validateInput
FN:77,askForALetter
FN:85,print
FNF:11
FNH:11
FNDA:5,isWordSolved
FNDA:10,(anonymous_1)
FNDA:3,randomlySelectWord
FNDA:8,createBlankWordArray
FNDA:1,fillInGuessedLetters
FNDA:3,(anonymous_5)
FNDA:7,stringify
FNDA:1,wordIncludesLetter
FNDA:6,validateInput
FNDA:2,askForALetter
FNDA:4,print
DA:1,2
DA:15,10
DA:24,3
DA:33,8
DA:34,5
DA:45,3
DA:54,7
DA:64,1
DA:68,6
DA:70,2
DA:78,2
DA:86,4
DA:89,2
LF:13
LH:13
BRDA:32,0,0,2
BRDA:33,1,0,3
BRDA:33,1,1,5
BRDA:45,2,0,1
BRDA:45,2,1,2
BRDA:53,3,0,1
BRDA:68,4,0,4
BRDA:68,4,1,2
BRDA:68,5,0,6
BRDA:68,5,1,4
BRF:10
BRH:10
end_of_record
